<?xml version="1.0" encoding="utf-8"?><testsuites><testsuite name="pytest" errors="0" failures="0" skipped="0" tests="5" time="2.119" timestamp="2025-05-02T12:09:25.787517+05:30" hostname="ubuntu-linux-22-04-02-desktop"><testcase classname="scripts.test_flask_api" name="test_predict_endpoint" time="1.294" /><testcase classname="scripts.test_flask_api" name="test_predict_with_timestamps_endpoint" time="0.364" /><testcase classname="scripts.test_flask_api" name="test_generate_chart_endpoint" time="0.050" /><testcase classname="scripts.test_flask_api" name="test_generate_wordcloud_endpoint" time="0.120" /><testcase classname="scripts.test_flask_api" name="test_generate_trend_graph_endpoint" time="0.157" /></testsuite></testsuites>